<?xml version="1.0" encoding="UTF-8"?>
<!-- Generated by org.testng.reporters.JUnitReportReporter -->
<testsuite hostname="LAPTOP-HLBOP5JU" failures="0" tests="1" name="tests.LoginSteps" time="2.538" errors="0" timestamp="2022-06-26T01:28:00 CDT" skipped="0">
  <testcase classname="tests.LoginSteps" name="login" time="2.538"/>
  <system-out/>
</testsuite> <!-- tests.LoginSteps -->
